
> portfolio-hugo-henrique@0.0.0 start
> npm run dev:local


> portfolio-hugo-henrique@0.0.0 dev:local
> vite --host 127.0.0.1 --port 4173


  [32m[1mVITE[22m v8.0.1[39m  [2mready in [0m[1m1157[22m[2m[0m ms[22m

  [32m➜[39m  [1mLocal[22m:   [36mhttp://127.0.0.1:[1m4173[22m/[39m
[2m[32m  ➜[39m[22m[2m  press [22m[1mh + enter[22m[2m to show help[22m
[2m08:47:16[22m [36m[1m[vite][22m[39m [90m[2m(client)[22m[39m [32mhmr update [39m[2m/src/App.jsx, /src/index.css[22m
[2m08:47:16[22m [36m[1m[vite][22m[39m [90m[2m(client)[22m[39m [32mhmr update [39m[2m/src/layouts/PortfolioLayout.jsx, /src/index.css[22m
[2m08:47:16[22m [36m[1m[vite][22m[39m [90m[2m(client)[22m[39m [32mhmr update [39m[2m/src/index.css[22m
[2m08:47:16[22m [36m[1m[vite][22m[39m [90m[2m(client)[22m[39m [32mhmr update [39m[2m/src/layouts/PortfolioLayout.jsx, /src/index.css[22m
[2m08:47:16[22m [36m[1m[vite][22m[39m [90m[2m(client)[22m[39m [32mhmr update [39m[2m/src/index.css[22m
[2m08:48:51[22m [36m[1m[vite][22m[39m [90m[2m(client)[22m[39m [32mhmr update [39m[2m/src/index.css[22m
[2m09:39:49[22m [36m[1m[vite][22m[39m [90m[2m(client)[22m[39m [32mhmr update [39m[2m/src/index.css, /src/layouts/PortfolioLayout.jsx, /src/pages/SobrePage.jsx, /src/components/PageMeta.jsx, /src/pages/ServicosPage.jsx, /src/pages/CertificadosPage.jsx, /src/pages/InicioPage.jsx[22m
[2m09:39:49[22m [31m[1m[vite][22m[39m [31m[2m(client)[22m[39m Pre-transform error: Failed to load url /src/data/portfolioContent.js (resolved id: C:/Users/Administrator/Documents/New project/src/data/portfolioContent.js) in C:/Users/Administrator/Documents/New project/src/layouts/PortfolioLayout.jsx. Does the file exist?
[2m09:39:49[22m [31m[1m[vite][22m[39m [31m[2m(client)[22m[39m Pre-transform error: Failed to load url /src/data/portfolioContent.js (resolved id: C:/Users/Administrator/Documents/New project/src/data/portfolioContent.js) in C:/Users/Administrator/Documents/New project/src/layouts/PortfolioLayout.jsx. Does the file exist?
[2m09:39:49[22m [31m[1m[vite][22m[39m [31m[2m(client)[22m[39m Pre-transform error: Failed to load url /src/data/portfolioContent.js (resolved id: C:/Users/Administrator/Documents/New project/src/data/portfolioContent.js) in C:/Users/Administrator/Documents/New project/src/layouts/PortfolioLayout.jsx. Does the file exist?
[2m09:39:49[22m [31m[1m[vite][22m[39m [31m[2m(client)[22m[39m Pre-transform error: Failed to load url /src/data/portfolioContent.js (resolved id: C:/Users/Administrator/Documents/New project/src/data/portfolioContent.js) in C:/Users/Administrator/Documents/New project/src/layouts/PortfolioLayout.jsx. Does the file exist?
[2m09:39:49[22m [31m[1m[vite][22m[39m [31m[2m(client)[22m[39m Pre-transform error: Failed to load url /src/data/portfolioContent.js (resolved id: C:/Users/Administrator/Documents/New project/src/data/portfolioContent.js) in C:/Users/Administrator/Documents/New project/src/layouts/PortfolioLayout.jsx. Does the file exist?
[2m09:39:49[22m [31m[1m[vite][22m[39m [31m[2m(client)[22m[39m Pre-transform error: Failed to load url /src/data/portfolioContent.js (resolved id: C:/Users/Administrator/Documents/New project/src/data/portfolioContent.js) in C:/Users/Administrator/Documents/New project/src/layouts/PortfolioLayout.jsx. Does the file exist?
[2m09:39:49[22m [31m[1m[vite][22m[39m [31m[2m(client)[22m[39m [2m[console.error] [22m[vite] Failed to reload /src/components/PageMeta.jsx. This could be due to syntax errors or importing non-existent modules. (see errors above)
[2m09:39:49[22m [31m[1m[vite][22m[39m [31m[2m(client)[22m[39m [2m[console.error] [22m[vite] Failed to reload /src/pages/CertificadosPage.jsx. This could be due to syntax errors or importing non-existent modules. (see errors above)
[2m09:39:49[22m [31m[1m[vite][22m[39m [31m[2m(client)[22m[39m [2m[console.error] [22m[vite] Failed to reload /src/pages/SobrePage.jsx. This could be due to syntax errors or importing non-existent modules. (see errors above)
[2m09:39:49[22m [31m[1m[vite][22m[39m [31m[2m(client)[22m[39m [2m[console.error] [22m[vite] Failed to reload /src/layouts/PortfolioLayout.jsx. This could be due to syntax errors or importing non-existent modules. (see errors above)
[2m09:39:49[22m [31m[1m[vite][22m[39m [31m[2m(client)[22m[39m [2m[console.error] [22m[vite] Failed to reload /src/pages/ServicosPage.jsx. This could be due to syntax errors or importing non-existent modules. (see errors above)
[2m09:39:49[22m [31m[1m[vite][22m[39m [31m[2m(client)[22m[39m [2m[console.error] [22m[vite] Failed to reload /src/pages/InicioPage.jsx. This could be due to syntax errors or importing non-existent modules. (see errors above)
[2m09:40:55[22m [36m[1m[vite][22m[39m [90m[2m(client)[22m[39m [32mhmr update [39m[2m/src/index.css, /src/layouts/PortfolioLayout.jsx, /src/pages/SobrePage.jsx, /src/components/PageMeta.jsx, /src/pages/ServicosPage.jsx, /src/pages/CertificadosPage.jsx, /src/pages/InicioPage.jsx[22m
[2m09:41:01[22m [36m[1m[vite][22m[39m [90m[2m(client)[22m[39m [32mhmr update [39m[2m/src/index.css, /src/components/SectionIntro.jsx[22m
[2m09:41:02[22m [36m[1m[vite][22m[39m [90m[2m(client)[22m[39m [32mhmr update [39m[2m/src/index.css, /src/components/PageHero.jsx[22m
[2m09:41:03[22m [31m[1m[vite][22m[39m [31m[2m(client)[22m[39m [2m[console.error] [22m[vite] Failed to reload /src/components/PageHero.jsx. This could be due to syntax errors or importing non-existent modules. (see errors above)
[2m09:41:12[22m [36m[1m[vite][22m[39m [90m[2m(client)[22m[39m [32mhmr update [39m[2m/src/index.css, /src/components/PageHero.jsx[22m
[2m09:41:15[22m [36m[1m[vite][22m[39m [90m[2m(client)[22m[39m [32mhmr update [39m[2m/src/index.css, /src/components/CertificateArtwork.jsx[22m
[2m09:41:15[22m [31m[1m[vite][22m[39m [31m[2m(client)[22m[39m [2m[console.error] [22m[vite] Failed to reload /src/components/CertificateArtwork.jsx. This could be due to syntax errors or importing non-existent modules. (see errors above)
[2m09:42:06[22m [36m[1m[vite][22m[39m [90m[2m(client)[22m[39m [32mhmr update [39m[2m/src/index.css, /src/components/CertificateArtwork.jsx[22m
[2m09:42:22[22m [36m[1m[vite][22m[39m [90m[2m(client)[22m[39m [32mhmr update [39m[2m/src/index.css[22m
[2m09:42:22[22m [31m[1m[vite][22m[39m [31m[2m(client)[22m[39m [2m[console.error] [22m[vite] Failed to reload /src/index.css. This could be due to syntax errors or importing non-existent modules. (see errors above)
[2m09:45:05[22m [36m[1m[vite][22m[39m [90m[2m(client)[22m[39m [32mhmr update [39m[2m/src/index.css[22m
[2m09:45:08[22m [36m[1m[vite][22m[39m [90m[2m(client)[22m[39m [32mhmr update [39m[2m/src/index.css, /src/components/PageHero.jsx[22m
[2m09:45:12[22m [36m[1m[vite][22m[39m [90m[2m(client)[22m[39m [32mhmr update [39m[2m/src/layouts/PortfolioLayout.jsx, /src/index.css[22m
[2m09:45:12[22m [31m[1m[vite][22m[39m [31m[2m(client)[22m[39m [2m[console.error] [22m[vite] Failed to reload /src/layouts/PortfolioLayout.jsx. This could be due to syntax errors or importing non-existent modules. (see errors above)
[2m09:46:04[22m [36m[1m[vite][22m[39m [90m[2m(client)[22m[39m [32mhmr update [39m[2m/src/layouts/PortfolioLayout.jsx, /src/index.css[22m
[2m09:46:15[22m [36m[1m[vite][22m[39m [90m[2m(client)[22m[39m [32mhmr update [39m[2m/src/layouts/PortfolioLayout.jsx, /src/index.css[22m
[2m09:46:18[22m [36m[1m[vite][22m[39m [90m[2m(client)[22m[39m [32mhmr update [39m[2m/src/pages/InicioPage.jsx, /src/index.css[22m
[2m09:46:18[22m [31m[1m[vite][22m[39m [31m[2m(client)[22m[39m [2m[console.error] [22m[vite] Failed to reload /src/pages/InicioPage.jsx. This could be due to syntax errors or importing non-existent modules. (see errors above)
[2m09:46:52[22m [36m[1m[vite][22m[39m [90m[2m(client)[22m[39m [32mhmr update [39m[2m/src/pages/InicioPage.jsx, /src/index.css[22m
[2m09:46:55[22m [36m[1m[vite][22m[39m [90m[2m(client)[22m[39m [32mhmr update [39m[2m/src/pages/SobrePage.jsx, /src/index.css[22m
[2m09:47:59[22m [31m[1m[vite][22m[39m [31m[2m(client)[22m[39m [31m[Unhandled error] [1mTypeError[22m: Failed to fetch dynamically imported module: http://127.0.0.1:4173/src/pages/SobrePage.jsx?t=1774269672145
[39m
[2m09:47:59[22m [33m[1m[vite][22m[39m [33m[2m(client)[22m[39m [2m[console.warn] [22mAn error occurred in the <Route> component.

Consider adding an error boundary to your tree to customize error handling behavior.
Visit https://react.dev/link/error-boundaries to learn more about error boundaries.

[2m09:49:10[22m [36m[1m[vite][22m[39m [90m[2m(client)[22m[39m [32mhmr update [39m[2m/src/pages/SobrePage.jsx, /src/index.css[22m
[2m09:49:13[22m [36m[1m[vite][22m[39m [90m[2m(client)[22m[39m [32mhmr update [39m[2m/src/pages/ServicosPage.jsx, /src/index.css[22m
[2m09:49:59[22m [36m[1m[vite][22m[39m [90m[2m(client)[22m[39m [32mhmr update [39m[2m/src/pages/ServicosPage.jsx, /src/index.css[22m
[2m09:50:02[22m [36m[1m[vite][22m[39m [90m[2m(client)[22m[39m [32mhmr update [39m[2m/src/index.css[22m
[2m09:50:54[22m [36m[1m[vite][22m[39m [90m[2m(client)[22m[39m [32mhmr update [39m[2m/src/index.css[22m
[2m09:50:58[22m [36m[1m[vite][22m[39m [90m[2m(client)[22m[39m [32mhmr update [39m[2m/src/pages/CertificadosPage.jsx, /src/index.css[22m
[2m09:51:57[22m [36m[1m[vite][22m[39m [90m[2m(client)[22m[39m [32mhmr update [39m[2m/src/pages/CertificadosPage.jsx, /src/index.css[22m
[2m09:51:59[22m [36m[1m[vite][22m[39m [90m[2m(client)[22m[39m [32mhmr update [39m[2m/src/index.css[22m
[2m09:53:54[22m [36m[1m[vite][22m[39m [90m[2m(client)[22m[39m [32mhmr update [39m[2m/src/index.css[22m
[2m09:54:06[22m [36m[1m[vite][22m[39m [90m[2m(client)[22m[39m [32mhmr update [39m[2m/src/index.css[22m
[2m09:54:19[22m [36m[1m[vite][22m[39m [90m[2m(client)[22m[39m [32mhmr update [39m[2m/src/index.css[22m
[2m09:55:18[22m [36m[1m[vite][22m[39m [90m[2m(client)[22m[39m [32mhmr update [39m[2m/src/index.css[22m
[2m09:55:46[22m [36m[1m[vite][22m[39m [90m[2m(client)[22m[39m [32mhmr update [39m[2m/src/index.css, /src/components/PageMeta.jsx, /src/layouts/PortfolioLayout.jsx, /src/pages/InicioPage.jsx[22m
[2m09:57:02[22m [36m[1m[vite][22m[39m [90m[2m(client)[22m[39m [32mhmr update [39m[2m/src/layouts/PortfolioLayout.jsx, /src/index.css[22m
[2m10:39:01[22m [36m[1m[vite][22m[39m [90m[2m(client)[22m[39m [32mhmr update [39m[2m/src/pages/SobrePage.jsx, /src/index.css[22m
[2m10:39:07[22m [36m[1m[vite][22m[39m [90m[2m(client)[22m[39m [32mhmr update [39m[2m/src/index.css, /src/components/PageMeta.jsx, /src/layouts/PortfolioLayout.jsx, /src/pages/InicioPage.jsx, /src/pages/SobrePage.jsx, /src/pages/ServicosPage.jsx, /src/pages/CertificadosPage.jsx[22m
[2m10:43:40[22m [36m[1m[vite][22m[39m [90m[2m(client)[22m[39m [32mhmr update [39m[2m/src/index.css, /src/components/SectionIntro.jsx[22m
[2m10:43:40[22m [36m[1m[vite][22m[39m [90m[2m(client)[22m[39m [32mhmr update [39m[2m/src/pages/InicioPage.jsx, /src/index.css[22m
[2m10:43:40[22m [36m[1m[vite][22m[39m [90m[2m(client)[22m[39m [32mhmr update [39m[2m/src/index.css, /src/components/PageHero.jsx[22m
[2m10:46:46[22m [36m[1m[vite][22m[39m [90m[2m(client)[22m[39m [32mhmr update [39m[2m/src/index.css[22m
[2m10:46:53[22m [36m[1m[vite][22m[39m [90m[2m(client)[22m[39m [32mhmr update [39m[2m/src/index.css[22m
[2m10:47:34[22m [36m[1m[vite][22m[39m [90m[2m(client)[22m[39m [32mhmr update [39m[2m/src/index.css[22m
[2m10:56:26[22m [36m[1m[vite][22m[39m [90m[2m(client)[22m[39m [32mhmr update [39m[2m/src/index.css, /src/components/PageMeta.jsx, /src/layouts/PortfolioLayout.jsx, /src/pages/InicioPage.jsx, /src/pages/SobrePage.jsx, /src/pages/ServicosPage.jsx, /src/pages/CertificadosPage.jsx, /src/pages/ContatoPage.jsx, /src/pages/ProjetosPage.jsx[22m
[2m10:56:58[22m [36m[1m[vite][22m[39m [90m[2m(client)[22m[39m [32mhmr update [39m[2m/src/pages/InicioPage.jsx, /src/index.css[22m
[2m10:57:25[22m [36m[1m[vite][22m[39m [90m[2m(client)[22m[39m [32mhmr update [39m[2m/src/pages/SobrePage.jsx, /src/index.css[22m
[2m10:58:19[22m [36m[1m[vite][22m[39m [90m[2m(client)[22m[39m [32mhmr update [39m[2m/src/pages/ServicosPage.jsx, /src/index.css[22m
[2m10:59:08[22m [36m[1m[vite][22m[39m [90m[2m(client)[22m[39m [32mhmr update [39m[2m/src/pages/ProjetosPage.jsx, /src/index.css[22m
[2m10:59:34[22m [36m[1m[vite][22m[39m [90m[2m(client)[22m[39m [32mhmr update [39m[2m/src/pages/ContatoPage.jsx, /src/index.css[22m
[2m10:59:40[22m [36m[1m[vite][22m[39m [90m[2m(client)[22m[39m [32mhmr update [39m[2m/src/pages/CertificadosPage.jsx, /src/index.css[22m
[2m10:59:51[22m [36m[1m[vite][22m[39m [90m[2m(client)[22m[39m [32mhmr update [39m[2m/src/layouts/PortfolioLayout.jsx, /src/index.css[22m
[2m11:28:09[22m [36m[1m[vite][22m[39m [90m[2m(client)[22m[39m [32mhmr update [39m[2m/src/index.css, /src/components/PageMeta.jsx, /src/layouts/PortfolioLayout.jsx, /src/pages/InicioPage.jsx, /src/pages/SobrePage.jsx, /src/pages/ServicosPage.jsx, /src/pages/CertificadosPage.jsx, /src/pages/ContatoPage.jsx, /src/pages/ProjetosPage.jsx[22m
[2m11:29:04[22m [36m[1m[vite][22m[39m [90m[2m(client)[22m[39m [32mhmr update [39m[2m/src/layouts/PortfolioLayout.jsx, /src/index.css[22m
[2m11:29:12[22m [36m[1m[vite][22m[39m [90m[2m(client)[22m[39m [32mhmr update [39m[2m/src/layouts/PortfolioLayout.jsx, /src/index.css[22m
[2m11:29:28[22m [36m[1m[vite][22m[39m [90m[2m(client)[22m[39m [32mhmr update [39m[2m/src/pages/InicioPage.jsx, /src/index.css[22m
[2m11:29:28[22m [31m[1m[vite][22m[39m [31m[2m(client)[22m[39m [2m[console.error] [22m[vite] Failed to reload /src/pages/InicioPage.jsx. This could be due to syntax errors or importing non-existent modules. (see errors above)
[2m11:30:02[22m [36m[1m[vite][22m[39m [90m[2m(client)[22m[39m [32mhmr update [39m[2m/src/pages/InicioPage.jsx, /src/index.css[22m
[2m11:30:08[22m [36m[1m[vite][22m[39m [90m[2m(client)[22m[39m [32mhmr update [39m[2m/src/pages/SobrePage.jsx, /src/index.css[22m
[2m11:30:31[22m [36m[1m[vite][22m[39m [90m[2m(client)[22m[39m [32mhmr update [39m[2m/src/pages/SobrePage.jsx, /src/index.css[22m
[2m11:30:36[22m [36m[1m[vite][22m[39m [90m[2m(client)[22m[39m [32mhmr update [39m[2m/src/pages/ProjetosPage.jsx, /src/index.css[22m
[2m11:30:48[22m [36m[1m[vite][22m[39m [90m[2m(client)[22m[39m [32mhmr update [39m[2m/src/pages/ProjetosPage.jsx, /src/index.css[22m
[2m11:30:57[22m [36m[1m[vite][22m[39m [90m[2m(client)[22m[39m [32mhmr update [39m[2m/src/pages/CertificadosPage.jsx, /src/index.css[22m
[2m11:31:38[22m [36m[1m[vite][22m[39m [90m[2m(client)[22m[39m [32mhmr update [39m[2m/src/pages/CertificadosPage.jsx, /src/index.css[22m
[2m11:32:06[22m [36m[1m[vite][22m[39m [90m[2m(client)[22m[39m [32mhmr update [39m[2m/src/index.css, /src/components/PageHero.jsx[22m
[2m11:32:12[22m [36m[1m[vite][22m[39m [90m[2m(client)[22m[39m [32mhmr update [39m[2m/src/index.css, /src/components/SectionIntro.jsx[22m
[2m11:33:28[22m [36m[1m[vite][22m[39m [90m[2m(client)[22m[39m [32mhmr update [39m[2m/src/index.css[22m
[2m11:33:59[22m [36m[1m[vite][22m[39m [90m[2m(client)[22m[39m [32mhmr update [39m[2m/src/index.css[22m
[2m11:34:23[22m [36m[1m[vite][22m[39m [90m[2m(client)[22m[39m [32mhmr update [39m[2m/src/pages/ContatoPage.jsx, /src/index.css[22m
[2m11:35:07[22m [36m[1m[vite][22m[39m [90m[2m(client)[22m[39m [32mhmr update [39m[2m/src/pages/ContatoPage.jsx, /src/index.css[22m
[2m11:35:17[22m [36m[1m[vite][22m[39m [90m[2m(client)[22m[39m [32mhmr update [39m[2m/src/pages/ContatoPage.jsx, /src/index.css[22m
[2m11:35:27[22m [36m[1m[vite][22m[39m [90m[2m(client)[22m[39m [32mhmr update [39m[2m/src/index.css[22m
[2m11:35:37[22m [36m[1m[vite][22m[39m [90m[2m(client)[22m[39m [32mhmr update [39m[2m/src/App.jsx, /src/index.css[22m
[2m11:36:30[22m [36m[1m[vite][22m[39m [90m[2m(client)[22m[39m [32mhmr update [39m[2m/src/pages/InicioPage.jsx, /src/index.css[22m
[2m11:58:23[22m [36m[1m[vite][22m[39m [90m[2m(client)[22m[39m [32mhmr update [39m[2m/src/index.css, /src/components/CertificateArtwork.jsx[22m
[2m11:58:36[22m [36m[1m[vite][22m[39m [90m[2m(client)[22m[39m [32mhmr update [39m[2m/src/index.css, /src/components/PageMeta.jsx, /src/layouts/PortfolioLayout.jsx, /src/pages/ServicosPage.jsx, /src/pages/InicioPage.jsx, /src/pages/SobrePage.jsx, /src/pages/ContatoPage.jsx, /src/pages/ProjetosPage.jsx, /src/pages/CertificadosPage.jsx[22m
[2m12:00:46[22m [36m[1m[vite][22m[39m [90m[2m(client)[22m[39m [32mhmr update [39m[2m/src/index.css, /src/components/PageMeta.jsx, /src/layouts/PortfolioLayout.jsx, /src/pages/ServicosPage.jsx, /src/pages/InicioPage.jsx, /src/pages/SobrePage.jsx, /src/pages/ContatoPage.jsx, /src/pages/ProjetosPage.jsx, /src/pages/CertificadosPage.jsx[22m
[2m12:02:03[22m [36m[1m[vite][22m[39m [90m[2m(client)[22m[39m [32mhmr update [39m[2m/src/index.css, /src/components/PageMeta.jsx, /src/layouts/PortfolioLayout.jsx, /src/pages/ServicosPage.jsx, /src/pages/InicioPage.jsx, /src/pages/SobrePage.jsx, /src/pages/ContatoPage.jsx, /src/pages/ProjetosPage.jsx, /src/pages/CertificadosPage.jsx[22m
[2m12:06:27[22m [36m[1m[vite][22m[39m [90m[2m(client)[22m[39m [32mhmr update [39m[2m/src/pages/InicioPage.jsx, /src/index.css[22m
[2m12:06:45[22m [36m[1m[vite][22m[39m [90m[2m(client)[22m[39m [32mhmr update [39m[2m/src/pages/ContatoPage.jsx, /src/index.css[22m
[2m12:06:52[22m [36m[1m[vite][22m[39m [90m[2m(client)[22m[39m [32mhmr update [39m[2m/src/pages/SobrePage.jsx, /src/index.css[22m
[2m12:07:11[22m [36m[1m[vite][22m[39m [90m[2m(client)[22m[39m [32mhmr update [39m[2m/src/layouts/PortfolioLayout.jsx, /src/index.css[22m
[2m12:07:16[22m [36m[1m[vite][22m[39m [90m[2m(client)[22m[39m [32mhmr update [39m[2m/src/index.css[22m
[2m12:07:31[22m [36m[1m[vite][22m[39m [90m[2m(client)[22m[39m [32mhmr update [39m[2m/src/components/BrandContactIcon.jsx, /src/index.css[22m
[2m12:11:42[22m [36m[1m[vite][22m[39m [90m[2m(client)[22m[39m [32mhmr update [39m[2m/src/pages/ContatoPage.jsx, /src/index.css[22m
[2m12:14:18[22m [36m[1m[vite][22m[39m [90m[2m(client)[22m[39m [32mhmr update [39m[2m/src/App.jsx, /src/index.css[22m
[2m12:14:18[22m [36m[1m[vite][22m[39m [90m[2m(client)[22m[39m [32mhmr update [39m[2m/src/pages/ContatoPage.jsx, /src/index.css[22m
[2m12:14:18[22m [36m[1m[vite][22m[39m [90m[2m(client)[22m[39m [32mhmr update [39m[2m/src/index.css, /src/components/PageMeta.jsx[22m
[2m12:14:18[22m [36m[1m[vite][22m[39m [90m[2m(client)[22m[39m [32mhmr update [39m[2m/src/index.css, /src/components/PageMeta.jsx, /src/layouts/PortfolioLayout.jsx, /src/pages/ServicosPage.jsx, /src/pages/InicioPage.jsx, /src/pages/SobrePage.jsx, /src/pages/ContatoPage.jsx, /src/pages/ProjetosPage.jsx, /src/pages/CertificadosPage.jsx[22m
[2m12:14:18[22m [36m[1m[vite][22m[39m [90m[2m(client)[22m[39m [32mhmr update [39m[2m/src/index.css[22m
[2m12:15:03[22m [36m[1m[vite][22m[39m [90m[2m(client)[22m[39m [32mhmr update [39m[2m/src/pages/ContatoPage.jsx, /src/index.css[22m
[2m12:15:04[22m [36m[1m[vite][22m[39m [90m[2m(client)[22m[39m [32mhmr update [39m[2m/src/pages/ServicosPage.jsx, /src/index.css[22m
[2m12:18:44[22m [36m[1m[vite][22m[39m [90m[2m(client)[22m[39m [32mhmr update [39m[2m/src/pages/CertificadosPage.jsx, /src/index.css[22m
[2m12:27:35[22m [36m[1m[vite][22m[39m [90m[2m(client)[22m[39m [32mhmr update [39m[2m/src/pages/ProjetosPage.jsx, /src/index.css[22m
[2m12:29:53[22m [36m[1m[vite][22m[39m [90m[2m(client)[22m[39m [32mhmr update [39m[2m/src/index.css, /src/components/PageHero.jsx[22m
[2m12:29:53[22m [36m[1m[vite][22m[39m [90m[2m(client)[22m[39m [32mhmr update [39m[2m/src/pages/SobrePage.jsx, /src/index.css[22m
[2m12:31:27[22m [36m[1m[vite][22m[39m [90m[2m(client)[22m[39m [32mhmr update [39m[2m/src/pages/SobrePage.jsx, /src/index.css[22m
[2m12:33:04[22m [36m[1m[vite][22m[39m [90m[2m(client)[22m[39m [32mhmr update [39m[2m/src/index.css, /src/components/PageMeta.jsx, /src/layouts/PortfolioLayout.jsx, /src/pages/InicioPage.jsx, /src/pages/SobrePage.jsx, /src/pages/ContatoPage.jsx, /src/pages/ProjetosPage.jsx, /src/pages/CertificadosPage.jsx[22m
[2m12:39:43[22m [36m[1m[vite][22m[39m [90m[2m(client)[22m[39m [32mhmr update [39m[2m/src/pages/InicioPage.jsx, /src/index.css[22m
[2m12:42:59[22m [36m[1m[vite][22m[39m [90m[2m(client)[22m[39m [32mhmr update [39m[2m/src/components/BrandContactIcon.jsx, /src/index.css[22m
[2m12:48:07[22m [36m[1m[vite][22m[39m [90m[2m(client)[22m[39m [32mhmr update [39m[2m/src/components/BrandContactIcon.jsx, /src/index.css[22m
[2m13:04:06[22m [36m[1m[vite][22m[39m [90m[2m(client)[22m[39m [32mhmr update [39m[2m/src/layouts/PortfolioLayout.jsx, /src/index.css[22m
[2m13:04:06[22m [36m[1m[vite][22m[39m [90m[2m(client)[22m[39m [32mhmr update [39m[2m/src/index.css[22m
[2m13:05:10[22m [36m[1m[vite][22m[39m [90m[2m(client)[22m[39m [32mhmr update [39m[2m/src/layouts/PortfolioLayout.jsx, /src/index.css[22m
[2m13:12:20[22m [36m[1m[vite][22m[39m [90m[2m(client)[22m[39m [32mhmr update [39m[2m/src/index.css[22m
[2m13:17:10[22m [36m[1m[vite][22m[39m [90m[2m(client)[22m[39m [32mhmr update [39m[2m/src/layouts/PortfolioLayout.jsx, /src/index.css[22m
[2m13:17:10[22m [36m[1m[vite][22m[39m [90m[2m(client)[22m[39m [32mhmr update [39m[2m/src/index.css[22m
[2m13:19:08[22m [36m[1m[vite][22m[39m [90m[2m(client)[22m[39m [32mhmr update [39m[2m/src/layouts/PortfolioLayout.jsx, /src/index.css[22m
[2m13:19:08[22m [36m[1m[vite][22m[39m [90m[2m(client)[22m[39m [32mhmr update [39m[2m/src/index.css[22m
[2m13:20:45[22m [36m[1m[vite][22m[39m [90m[2m(client)[22m[39m [32mhmr update [39m[2m/src/layouts/PortfolioLayout.jsx, /src/index.css[22m
[2m13:20:45[22m [36m[1m[vite][22m[39m [90m[2m(client)[22m[39m [32mhmr update [39m[2m/src/index.css[22m
[2m13:22:44[22m [36m[1m[vite][22m[39m [90m[2m(client)[22m[39m [32mhmr update [39m[2m/src/layouts/PortfolioLayout.jsx, /src/index.css[22m
[2m13:22:44[22m [36m[1m[vite][22m[39m [90m[2m(client)[22m[39m [32mhmr update [39m[2m/src/index.css[22m
[2m13:23:54[22m [36m[1m[vite][22m[39m [90m[2m(client)[22m[39m [32mhmr update [39m[2m/src/pages/InicioPage.jsx, /src/index.css[22m
[2m13:25:56[22m [36m[1m[vite][22m[39m [90m[2m(client)[22m[39m [32mhmr update [39m[2m/src/layouts/PortfolioLayout.jsx, /src/index.css[22m
[2m13:25:56[22m [36m[1m[vite][22m[39m [90m[2m(client)[22m[39m [32mhmr update [39m[2m/src/index.css[22m
[2m13:29:13[22m [36m[1m[vite][22m[39m [90m[2m(client)[22m[39m [32mhmr update [39m[2m/src/index.css[22m
[2m13:32:37[22m [36m[1m[vite][22m[39m [90m[2m(client)[22m[39m [32mhmr update [39m[2m/src/layouts/PortfolioLayout.jsx, /src/index.css[22m
[2m13:32:37[22m [36m[1m[vite][22m[39m [90m[2m(client)[22m[39m [32mhmr update [39m[2m/src/pages/InicioPage.jsx, /src/index.css[22m
[2m13:32:37[22m [36m[1m[vite][22m[39m [90m[2m(client)[22m[39m [32mhmr update [39m[2m/src/index.css[22m
[2m13:39:31[22m [36m[1m[vite][22m[39m [90m[2m(client)[22m[39m [32mhmr update [39m[2m/src/layouts/PortfolioLayout.jsx, /src/index.css[22m
[2m13:39:31[22m [36m[1m[vite][22m[39m [90m[2m(client)[22m[39m [32mhmr update [39m[2m/src/index.css[22m
[2m13:42:20[22m [36m[1m[vite][22m[39m [90m[2m(client)[22m[39m [32mhmr update [39m[2m/src/layouts/PortfolioLayout.jsx, /src/index.css[22m
[2m13:42:20[22m [36m[1m[vite][22m[39m [90m[2m(client)[22m[39m [32mhmr update [39m[2m/src/index.css[22m
[2m13:45:06[22m [36m[1m[vite][22m[39m [90m[2m(client)[22m[39m [32mhmr update [39m[2m/src/layouts/PortfolioLayout.jsx, /src/index.css[22m
[2m13:45:06[22m [36m[1m[vite][22m[39m [90m[2m(client)[22m[39m [32mhmr update [39m[2m/src/index.css[22m
[2m13:52:25[22m [36m[1m[vite][22m[39m [90m[2m(client)[22m[39m [32mhmr update [39m[2m/src/index.css, /src/components/PageMeta.jsx, /src/layouts/PortfolioLayout.jsx, /src/pages/InicioPage.jsx, /src/pages/SobrePage.jsx, /src/pages/ContatoPage.jsx, /src/pages/ProjetosPage.jsx, /src/pages/CertificadosPage.jsx[22m
[2m13:56:27[22m [36m[1m[vite][22m[39m [90m[2m(client)[22m[39m [32mhmr update [39m[2m/src/pages/InicioPage.jsx, /src/index.css[22m
[2m13:57:06[22m [36m[1m[vite][22m[39m [90m[2m(client)[22m[39m [32mhmr update [39m[2m/src/index.css[22m
[2m14:04:26[22m [36m[1m[vite][22m[39m [90m[2m(client)[22m[39m [32mhmr update [39m[2m/src/pages/InicioPage.jsx, /src/index.css[22m
[2m14:05:41[22m [36m[1m[vite][22m[39m [90m[2m(client)[22m[39m [32mhmr update [39m[2m/src/index.css[22m
[2m14:06:17[22m [36m[1m[vite][22m[39m [90m[2m(client)[22m[39m [32mhmr update [39m[2m/src/index.css[22m
[2m14:11:29[22m [36m[1m[vite][22m[39m [90m[2m(client)[22m[39m [32mhmr update [39m[2m/src/index.css, /src/components/PageHero.jsx[22m
[2m14:11:36[22m [36m[1m[vite][22m[39m [90m[2m(client)[22m[39m [32mhmr update [39m[2m/src/layouts/PortfolioLayout.jsx, /src/index.css[22m
[2m14:11:45[22m [36m[1m[vite][22m[39m [90m[2m(client)[22m[39m [32mhmr update [39m[2m/src/pages/SobrePage.jsx, /src/index.css[22m
[2m14:11:57[22m [36m[1m[vite][22m[39m [90m[2m(client)[22m[39m [32mhmr update [39m[2m/src/pages/ProjetosPage.jsx, /src/index.css[22m
[2m14:12:14[22m [36m[1m[vite][22m[39m [90m[2m(client)[22m[39m [32mhmr update [39m[2m/src/pages/CertificadosPage.jsx, /src/index.css[22m
[2m14:12:23[22m [36m[1m[vite][22m[39m [90m[2m(client)[22m[39m [32mhmr update [39m[2m/src/pages/ContatoPage.jsx, /src/index.css[22m
[2m14:12:32[22m [36m[1m[vite][22m[39m [90m[2m(client)[22m[39m [32mhmr update [39m[2m/src/index.css[22m
[2m14:13:12[22m [36m[1m[vite][22m[39m [90m[2m(client)[22m[39m [32mhmr update [39m[2m/src/index.css[22m
[2m14:13:57[22m [36m[1m[vite][22m[39m [90m[2m(client)[22m[39m [32mhmr update [39m[2m/src/index.css[22m
[2m14:14:32[22m [36m[1m[vite][22m[39m [90m[2m(client)[22m[39m [32mhmr update [39m[2m/src/index.css[22m
[2m14:15:09[22m [36m[1m[vite][22m[39m [90m[2m(client)[22m[39m [32mhmr update [39m[2m/src/index.css, /src/components/PageHero.jsx[22m
[2m14:15:12[22m [36m[1m[vite][22m[39m [90m[2m(client)[22m[39m [32mhmr update [39m[2m/src/pages/CertificadosPage.jsx, /src/index.css[22m
[2m14:19:33[22m [36m[1m[vite][22m[39m [90m[2m(client)[22m[39m [32mhmr update [39m[2m/src/pages/ProjetosPage.jsx, /src/index.css[22m
[2m14:19:56[22m [36m[1m[vite][22m[39m [90m[2m(client)[22m[39m [32mhmr update [39m[2m/src/index.css[22m
[2m14:28:29[22m [36m[1m[vite][22m[39m [90m[2m(client)[22m[39m [32mhmr update [39m[2m/src/pages/ProjetosPage.jsx, /src/index.css[22m
[2m14:29:03[22m [36m[1m[vite][22m[39m [90m[2m(client)[22m[39m [32mhmr update [39m[2m/src/index.css[22m
[2m14:29:09[22m [36m[1m[vite][22m[39m [90m[2m(client)[22m[39m [32mhmr update [39m[2m/src/index.css[22m
[2m14:32:22[22m [36m[1m[vite][22m[39m [90m[2m(client)[22m[39m [32mhmr update [39m[2m/src/layouts/PortfolioLayout.jsx, /src/index.css[22m
[2m14:32:29[22m [36m[1m[vite][22m[39m [90m[2m(client)[22m[39m [32mhmr update [39m[2m/src/index.css[22m
[2m14:40:09[22m [36m[1m[vite][22m[39m [90m[2m(client)[22m[39m [32mhmr update [39m[2m/src/index.css, /src/components/PageMeta.jsx, /src/layouts/PortfolioLayout.jsx, /src/pages/InicioPage.jsx, /src/pages/SobrePage.jsx, /src/pages/ContatoPage.jsx, /src/pages/ProjetosPage.jsx, /src/pages/CertificadosPage.jsx[22m
[2m14:41:17[22m [36m[1m[vite][22m[39m [90m[2m(client)[22m[39m [32mhmr update [39m[2m/src/pages/InicioPage.jsx, /src/index.css[22m
[2m14:41:17[22m [36m[1m[vite][22m[39m [90m[2m(client)[22m[39m [32mhmr update [39m[2m/src/pages/SobrePage.jsx, /src/index.css[22m
[2m14:41:17[22m [36m[1m[vite][22m[39m [90m[2m(client)[22m[39m [32mhmr update [39m[2m/src/pages/ProjetosPage.jsx, /src/index.css[22m
[2m14:41:17[22m [36m[1m[vite][22m[39m [90m[2m(client)[22m[39m [32mhmr update [39m[2m/src/layouts/PortfolioLayout.jsx, /src/index.css[22m
[2m14:41:17[22m [36m[1m[vite][22m[39m [90m[2m(client)[22m[39m [32mhmr update [39m[2m/src/index.css, /src/components/PageMeta.jsx[22m
[2m14:41:17[22m [36m[1m[vite][22m[39m [90m[2m(client)[22m[39m [32mhmr update [39m[2m/src/App.jsx, /src/index.css[22m
[2m14:41:17[22m [36m[1m[vite][22m[39m [90m[2m(client)[22m[39m [32mhmr update [39m[2m/src/pages/CertificadosPage.jsx, /src/index.css[22m
[2m14:41:17[22m [36m[1m[vite][22m[39m [90m[2m(client)[22m[39m [32mhmr update [39m[2m/src/pages/ContatoPage.jsx, /src/index.css[22m
[2m14:41:17[22m [36m[1m[vite][22m[39m [90m[2m(client)[22m[39m [32mhmr update [39m[2m/src/index.css[22m
[2m14:41:18[22m [31m[1m[vite][22m[39m [31mInternal server error: Transform failed with 2 errors:

[31m[PARSE_ERROR] Error:[0m Expected corresponding JSX closing tag for 'nav'.
     [38;5;246m╭[0m[38;5;246m─[0m[38;5;246m[[0m src/layouts/PortfolioLayout.jsx:172:17 [38;5;246m][0m
     [38;5;246m│[0m
 [38;5;246m133 │[0m [38;5;249m [0m[38;5;249m [0m[38;5;249m [0m[38;5;249m [0m[38;5;249m [0m[38;5;249m [0m[38;5;249m [0m[38;5;249m [0m[38;5;249m [0m[38;5;249m [0m[38;5;249m [0m[38;5;249m [0m[38;5;249m [0m[38;5;249m [0m[38;5;249m [0m[38;5;249m [0m[38;5;249m<[0mnav[38;5;249m [0m[38;5;249ma[0m[38;5;249mr[0m[38;5;249mi[0m[38;5;249ma[0m[38;5;249m-[0m[38;5;249ml[0m[38;5;249ma[0m[38;5;249mb[0m[38;5;249me[0m[38;5;249ml[0m[38;5;249m=[0m[38;5;249m"[0m[38;5;249mN[0m[38;5;249ma[0m[38;5;249mv[0m[38;5;249me[0m[38;5;249mg[0m[38;5;249ma[0m[38;5;249mc[0m[38;5;249ma[0m[38;5;249mo[0m[38;5;249m [0m[38;5;249mm[0m[38;5;249mo[0m[38;5;249mb[0m[38;5;249mi[0m[38;5;249ml[0m[38;5;249me[0m[38;5;249m"[0m[38;5;249m [0m[38;5;249mc[0m[38;5;249ml[0m[38;5;249ma[0m[38;5;249ms[0m[38;5;249ms[0m[38;5;249mN[0m[38;5;249ma[0m[38;5;249mm[0m[38;5;249me[0m[38;5;249m=[0m[38;5;249m"[0m[38;5;249mm[0m[38;5;249mo[0m[38;5;249mb[0m[38;5;249mi[0m[38;5;249ml[0m[38;5;249me[0m[38;5;249m-[0m[38;5;249mn[0m[38;5;249ma[0m[38;5;249mv[0m[38;5;249m-[0m[38;5;249ml[0m[38;5;249mi[0m[38;5;249ms[0m[38;5;249mt[0m[38;5;249m"[0m[38;5;249m>[0m
 [38;5;240m    │[0m                  ─┬─  
 [38;5;240m    │[0m                   ╰─── Opened here
 [38;5;240m    │[0m 
 [38;5;246m172 │[0m [38;5;249m [0m[38;5;249m [0m[38;5;249m [0m[38;5;249m [0m[38;5;249m [0m[38;5;249m [0m[38;5;249m [0m[38;5;249m [0m[38;5;249m [0m[38;5;249m [0m[38;5;249m [0m[38;5;249m [0m[38;5;249m [0m[38;5;249m [0m[38;5;249m<[0m[38;5;249m/[0mdiv[38;5;249m>[0m
 [38;5;240m    │[0m                 ─┬─  
 [38;5;240m    │[0m                  ╰─── Expected `</nav>`
[38;5;246m─────╯[0m

[31m[PARSE_ERROR] Error:[0m Unexpected token. Did you mean `{'}'}` or `&rbrace;`?
     [38;5;246m╭[0m[38;5;246m─[0m[38;5;246m[[0m src/layouts/PortfolioLayout.jsx:174:12 [38;5;246m][0m
     [38;5;246m│[0m
 [38;5;246m174 │[0m [38;5;249m [0m[38;5;249m [0m[38;5;249m [0m[38;5;249m [0m[38;5;249m [0m[38;5;249m [0m[38;5;249m [0m[38;5;249m [0m[38;5;249m [0m[38;5;249m [0m[38;5;249m)[0m[38;5;249m}[0m
 [38;5;240m    │[0m            │ 
 [38;5;240m    │[0m            ╰─ 
[38;5;246m─────╯[0m
[39m
  Plugin: [35mvite:oxc[39m
  File: [36mC:/Users/Administrator/Documents/New project/src/layouts/PortfolioLayout.jsx[39m
      at transformWithOxc (file:///C:/Users/Administrator/Documents/New%20project/node_modules/vite/dist/node/chunks/node.js:3720:19)
      at TransformPluginContext.transform (file:///C:/Users/Administrator/Documents/New%20project/node_modules/vite/dist/node/chunks/node.js:3788:26)
      at EnvironmentPluginContainer.transform (file:///C:/Users/Administrator/Documents/New%20project/node_modules/vite/dist/node/chunks/node.js:30023:51)
      at async loadAndTransform (file:///C:/Users/Administrator/Documents/New%20project/node_modules/vite/dist/node/chunks/node.js:24152:26)
      at async viteTransformMiddleware (file:///C:/Users/Administrator/Documents/New%20project/node_modules/vite/dist/node/chunks/node.js:24961:20)
[2m14:41:18[22m [31m[1m[vite][22m[39m [31m[2m(client)[22m[39m [2m[console.error] [22m[vite] Failed to reload /src/layouts/PortfolioLayout.jsx. This could be due to syntax errors or importing non-existent modules. (see errors above)
[2m14:41:18[22m [31m[1m[vite][22m[39m [31m[2m(client)[22m[39m Pre-transform error: Transform failed with 2 errors:

[31m[PARSE_ERROR] Error:[0m Expected corresponding JSX closing tag for 'nav'.
     [38;5;246m╭[0m[38;5;246m─[0m[38;5;246m[[0m src/layouts/PortfolioLayout.jsx:172:17 [38;5;246m][0m
     [38;5;246m│[0m
 [38;5;246m133 │[0m [38;5;249m [0m[38;5;249m [0m[38;5;249m [0m[38;5;249m [0m[38;5;249m [0m[38;5;249m [0m[38;5;249m [0m[38;5;249m [0m[38;5;249m [0m[38;5;249m [0m[38;5;249m [0m[38;5;249m [0m[38;5;249m [0m[38;5;249m [0m[38;5;249m [0m[38;5;249m [0m[38;5;249m<[0mnav[38;5;249m [0m[38;5;249ma[0m[38;5;249mr[0m[38;5;249mi[0m[38;5;249ma[0m[38;5;249m-[0m[38;5;249ml[0m[38;5;249ma[0m[38;5;249mb[0m[38;5;249me[0m[38;5;249ml[0m[38;5;249m=[0m[38;5;249m"[0m[38;5;249mN[0m[38;5;249ma[0m[38;5;249mv[0m[38;5;249me[0m[38;5;249mg[0m[38;5;249ma[0m[38;5;249mc[0m[38;5;249ma[0m[38;5;249mo[0m[38;5;249m [0m[38;5;249mm[0m[38;5;249mo[0m[38;5;249mb[0m[38;5;249mi[0m[38;5;249ml[0m[38;5;249me[0m[38;5;249m"[0m[38;5;249m [0m[38;5;249mc[0m[38;5;249ml[0m[38;5;249ma[0m[38;5;249ms[0m[38;5;249ms[0m[38;5;249mN[0m[38;5;249ma[0m[38;5;249mm[0m[38;5;249me[0m[38;5;249m=[0m[38;5;249m"[0m[38;5;249mm[0m[38;5;249mo[0m[38;5;249mb[0m[38;5;249mi[0m[38;5;249ml[0m[38;5;249me[0m[38;5;249m-[0m[38;5;249mn[0m[38;5;249ma[0m[38;5;249mv[0m[38;5;249m-[0m[38;5;249ml[0m[38;5;249mi[0m[38;5;249ms[0m[38;5;249mt[0m[38;5;249m"[0m[38;5;249m>[0m
 [38;5;240m    │[0m                  ─┬─  
 [38;5;240m    │[0m                   ╰─── Opened here
 [38;5;240m    │[0m 
 [38;5;246m172 │[0m [38;5;249m [0m[38;5;249m [0m[38;5;249m [0m[38;5;249m [0m[38;5;249m [0m[38;5;249m [0m[38;5;249m [0m[38;5;249m [0m[38;5;249m [0m[38;5;249m [0m[38;5;249m [0m[38;5;249m [0m[38;5;249m [0m[38;5;249m [0m[38;5;249m<[0m[38;5;249m/[0mdiv[38;5;249m>[0m
 [38;5;240m    │[0m                 ─┬─  
 [38;5;240m    │[0m                  ╰─── Expected `</nav>`
[38;5;246m─────╯[0m

[31m[PARSE_ERROR] Error:[0m Unexpected token. Did you mean `{'}'}` or `&rbrace;`?
     [38;5;246m╭[0m[38;5;246m─[0m[38;5;246m[[0m src/layouts/PortfolioLayout.jsx:174:12 [38;5;246m][0m
     [38;5;246m│[0m
 [38;5;246m174 │[0m [38;5;249m [0m[38;5;249m [0m[38;5;249m [0m[38;5;249m [0m[38;5;249m [0m[38;5;249m [0m[38;5;249m [0m[38;5;249m [0m[38;5;249m [0m[38;5;249m [0m[38;5;249m)[0m[38;5;249m}[0m
 [38;5;240m    │[0m            │ 
 [38;5;240m    │[0m            ╰─ 
[38;5;246m─────╯[0m

  Plugin: [35mvite:oxc[39m
  File: [36mC:/Users/Administrator/Documents/New project/src/layouts/PortfolioLayout.jsx[39m
[2m14:41:18[22m [31m[1m[vite][22m[39m [31m[2m(client)[22m[39m [2m[console.error] [22m[vite] Failed to reload /src/App.jsx. This could be due to syntax errors or importing non-existent modules. (see errors above)
[2m14:41:30[22m [31m[1m[vite][22m[39m [31mInternal server error: Transform failed with 2 errors:

[31m[PARSE_ERROR] Error:[0m Expected corresponding JSX closing tag for 'nav'.
     [38;5;246m╭[0m[38;5;246m─[0m[38;5;246m[[0m src/layouts/PortfolioLayout.jsx:172:17 [38;5;246m][0m
     [38;5;246m│[0m
 [38;5;246m133 │[0m [38;5;249m [0m[38;5;249m [0m[38;5;249m [0m[38;5;249m [0m[38;5;249m [0m[38;5;249m [0m[38;5;249m [0m[38;5;249m [0m[38;5;249m [0m[38;5;249m [0m[38;5;249m [0m[38;5;249m [0m[38;5;249m [0m[38;5;249m [0m[38;5;249m [0m[38;5;249m [0m[38;5;249m<[0mnav[38;5;249m [0m[38;5;249ma[0m[38;5;249mr[0m[38;5;249mi[0m[38;5;249ma[0m[38;5;249m-[0m[38;5;249ml[0m[38;5;249ma[0m[38;5;249mb[0m[38;5;249me[0m[38;5;249ml[0m[38;5;249m=[0m[38;5;249m"[0m[38;5;249mN[0m[38;5;249ma[0m[38;5;249mv[0m[38;5;249me[0m[38;5;249mg[0m[38;5;249ma[0m[38;5;249mc[0m[38;5;249ma[0m[38;5;249mo[0m[38;5;249m [0m[38;5;249mm[0m[38;5;249mo[0m[38;5;249mb[0m[38;5;249mi[0m[38;5;249ml[0m[38;5;249me[0m[38;5;249m"[0m[38;5;249m [0m[38;5;249mc[0m[38;5;249ml[0m[38;5;249ma[0m[38;5;249ms[0m[38;5;249ms[0m[38;5;249mN[0m[38;5;249ma[0m[38;5;249mm[0m[38;5;249me[0m[38;5;249m=[0m[38;5;249m"[0m[38;5;249mm[0m[38;5;249mo[0m[38;5;249mb[0m[38;5;249mi[0m[38;5;249ml[0m[38;5;249me[0m[38;5;249m-[0m[38;5;249mn[0m[38;5;249ma[0m[38;5;249mv[0m[38;5;249m-[0m[38;5;249ml[0m[38;5;249mi[0m[38;5;249ms[0m[38;5;249mt[0m[38;5;249m"[0m[38;5;249m>[0m
 [38;5;240m    │[0m                  ─┬─  
 [38;5;240m    │[0m                   ╰─── Opened here
 [38;5;240m    │[0m 
 [38;5;246m172 │[0m [38;5;249m [0m[38;5;249m [0m[38;5;249m [0m[38;5;249m [0m[38;5;249m [0m[38;5;249m [0m[38;5;249m [0m[38;5;249m [0m[38;5;249m [0m[38;5;249m [0m[38;5;249m [0m[38;5;249m [0m[38;5;249m [0m[38;5;249m [0m[38;5;249m<[0m[38;5;249m/[0mdiv[38;5;249m>[0m
 [38;5;240m    │[0m                 ─┬─  
 [38;5;240m    │[0m                  ╰─── Expected `</nav>`
[38;5;246m─────╯[0m

[31m[PARSE_ERROR] Error:[0m Unexpected token. Did you mean `{'}'}` or `&rbrace;`?
     [38;5;246m╭[0m[38;5;246m─[0m[38;5;246m[[0m src/layouts/PortfolioLayout.jsx:174:12 [38;5;246m][0m
     [38;5;246m│[0m
 [38;5;246m174 │[0m [38;5;249m [0m[38;5;249m [0m[38;5;249m [0m[38;5;249m [0m[38;5;249m [0m[38;5;249m [0m[38;5;249m [0m[38;5;249m [0m[38;5;249m [0m[38;5;249m [0m[38;5;249m)[0m[38;5;249m}[0m
 [38;5;240m    │[0m            │ 
 [38;5;240m    │[0m            ╰─ 
[38;5;246m─────╯[0m
[39m
  Plugin: [35mvite:oxc[39m
  File: [36mC:/Users/Administrator/Documents/New project/src/layouts/PortfolioLayout.jsx[39m
      at transformWithOxc (file:///C:/Users/Administrator/Documents/New%20project/node_modules/vite/dist/node/chunks/node.js:3720:19)
      at TransformPluginContext.transform (file:///C:/Users/Administrator/Documents/New%20project/node_modules/vite/dist/node/chunks/node.js:3788:26)
      at EnvironmentPluginContainer.transform (file:///C:/Users/Administrator/Documents/New%20project/node_modules/vite/dist/node/chunks/node.js:30023:51)
      at async loadAndTransform (file:///C:/Users/Administrator/Documents/New%20project/node_modules/vite/dist/node/chunks/node.js:24152:26)
      at async viteTransformMiddleware (file:///C:/Users/Administrator/Documents/New%20project/node_modules/vite/dist/node/chunks/node.js:24961:20)
[2m14:41:57[22m [36m[1m[vite][22m[39m [90m[2m(client)[22m[39m [32mhmr update [39m[2m/src/layouts/PortfolioLayout.jsx, /src/index.css[22m
[2m14:48:18[22m [36m[1m[vite][22m[39m [90m[2m(client)[22m[39m [32mhmr update [39m[2m/src/pages/ProjetosPage.jsx, /src/index.css[22m
[2m14:48:18[22m [31m[1m[vite][22m[39m [31m[2m(client)[22m[39m [2m[console.error] [22m[vite] Failed to reload /src/pages/ProjetosPage.jsx. This could be due to syntax errors or importing non-existent modules. (see errors above)
[2m14:48:37[22m [36m[1m[vite][22m[39m [90m[2m(client)[22m[39m [32mhmr update [39m[2m/src/pages/ProjetosPage.jsx, /src/index.css[22m
[2m14:48:59[22m [36m[1m[vite][22m[39m [90m[2m(client)[22m[39m [32mhmr update [39m[2m/src/index.css[22m
[2m14:49:24[22m [36m[1m[vite][22m[39m [90m[2m(client)[22m[39m [32mhmr update [39m[2m/src/pages/ProjetosPage.jsx, /src/index.css[22m
[2m14:51:24[22m [36m[1m[vite][22m[39m [90m[2m(client)[22m[39m [32mhmr update [39m[2m/src/pages/ProjetosPage.jsx, /src/index.css[22m
[2m14:54:19[22m [36m[1m[vite][22m[39m [90m[2m(client)[22m[39m [32mhmr update [39m[2m/src/pages/ProjetosPage.jsx, /src/index.css[22m
[2m14:55:20[22m [36m[1m[vite][22m[39m [90m[2m(client)[22m[39m [32mhmr update [39m[2m/src/pages/ProjetosPage.jsx, /src/index.css[22m
[2m15:01:41[22m [36m[1m[vite][22m[39m [90m[2m(client)[22m[39m [32mhmr update [39m[2m/src/pages/ProjetosPage.jsx, /src/index.css[22m
[2m15:01:48[22m [36m[1m[vite][22m[39m [90m[2m(client)[22m[39m [32mpage reload [39m[2mindex.html[22m
[2m15:03:52[22m [36m[1m[vite][22m[39m [90m[2m(client)[22m[39m [32mhmr update [39m[2m/src/pages/InicioPage.jsx, /src/index.css[22m
[2m15:03:52[22m [36m[1m[vite][22m[39m [90m[2m(client)[22m[39m [32mhmr update [39m[2m/src/index.css[22m
[2m15:03:52[22m [36m[1m[vite][22m[39m [90m[2m(client)[22m[39m [32mhmr update [39m[2m/src/pages/SobrePage.jsx, /src/index.css[22m
[2m15:07:20[22m [36m[1m[vite][22m[39m [90m[2m(client)[22m[39m [32mhmr update [39m[2m/src/pages/InicioPage.jsx, /src/index.css[22m
[2m15:07:29[22m [36m[1m[vite][22m[39m [90m[2m(client)[22m[39m [32mhmr update [39m[2m/src/index.css[22m
[2m15:10:44[22m [36m[1m[vite][22m[39m [90m[2m(client)[22m[39m [32mhmr update [39m[2m/src/pages/InicioPage.jsx, /src/index.css[22m
[2m15:10:54[22m [36m[1m[vite][22m[39m [90m[2m(client)[22m[39m [32mhmr update [39m[2m/src/index.css[22m
[2m15:16:21[22m [36m[1m[vite][22m[39m [90m[2m(client)[22m[39m [32mhmr update [39m[2m/src/pages/InicioPage.jsx, /src/index.css[22m
[2m15:16:28[22m [36m[1m[vite][22m[39m [90m[2m(client)[22m[39m [32mhmr update [39m[2m/src/index.css[22m
[2m15:28:59[22m [36m[1m[vite][22m[39m [90m[2m(client)[22m[39m [32mhmr update [39m[2m/src/pages/InicioPage.jsx, /src/index.css[22m
[2m15:29:28[22m [36m[1m[vite][22m[39m [90m[2m(client)[22m[39m [32mhmr update [39m[2m/src/index.css[22m
